<?xml version="1.0" encoding="UTF-8"?>
<coverage generated="1729246893379" clover="3.2.0">
  <project timestamp="1729246893379" name="All files">
    <metrics statements="4" coveredstatements="4" conditionals="3" coveredconditionals="3" methods="1" coveredmethods="1" elements="8" coveredelements="8" complexity="0" loc="4" ncloc="4" packages="1" files="1" classes="1"/>
    <file name="example.ts" path="/Users/davidortega/Development/Typescript/econy/packages/dev-tools/src/example.ts">
      <metrics statements="4" coveredstatements="4" conditionals="3" coveredconditionals="3" methods="1" coveredmethods="1"/>
      <line num="1" count="1" type="stmt"/>
      <line num="2" count="5" type="cond" truecount="3" falsecount="0"/>
      <line num="3" count="3" type="stmt"/>
      <line num="5" count="2" type="stmt"/>
    </file>
  </project>
</coverage>
